<?xml version="1.0" encoding="UTF-8"?>
<!-- Generated by org.testng.reporters.JUnitXMLReporter -->
<testsuite ignored="0" hostname="DESKTOP-2NH8KRG" failures="0" tests="5" name="Open Cart Home Page Test_chrome" time="19.985" errors="0" timestamp="2025-07-01T13:22:03 IST">
  <testcase classname="com.qa.opencart.tests.HomePageTest" name="homePageTitleTest" time="0.031"/>
  <testcase classname="com.qa.opencart.tests.HomePageTest" name="homePageUrlTest" time="0.002"/>
  <testcase classname="com.qa.opencart.tests.HomePageTest" name="homePageSearchTest" time="0.949"/>
  <testcase classname="com.qa.opencart.tests.HomePageTest" name="homePageSearchTest" time="1.055"/>
  <testcase classname="com.qa.opencart.tests.HomePageTest" name="homePageSearchTest" time="0.908"/>
</testsuite> <!-- Open Cart Home Page Test_chrome -->
